<?xml version="1.0" encoding="UTF-8"?>
<testsuite name="Academy Choucair" tests="1" skipped="0" failures="0" errors="0" timestamp="2021-10-25T02:04:12" hostname="LAPTOP-PF69ALFC" time="26.395">
  <properties/>
  <testcase name="Search for a automation course" classname="Academy Choucair" time="26.395"/>
  <system-out><![CDATA[]]></system-out>
  <system-err><![CDATA[[Test worker] WARN net.thucydides.core.steps.BaseStepListener - stepStarted: net.thucydides.core.steps.ExecutedStepDescription@ae37e0
[Test worker] WARN net.thucydides.core.steps.BaseStepListener - stepStarted: net.thucydides.core.steps.ExecutedStepDescription@76a6d2a0
[Test worker] WARN net.thucydides.core.steps.BaseStepListener - stepStarted: net.thucydides.core.steps.ExecutedStepDescription@26dd6997
oct. 24, 2021 9:04:13 P. M. org.openqa.selenium.remote.DesiredCapabilities chrome
INFORMACIÓN: Using `new ChromeOptions()` is preferred to `DesiredCapabilities.chrome()`
[Test worker] INFO net.serenitybdd.core.webdriver.driverproviders.ProvideNewDriver - Instantiating driver
[Test worker] INFO net.serenitybdd.core.webdriver.driverproviders.ProvideNewDriver - Driver capabilities: Capabilities {acceptInsecureCerts: false, browserName: chrome, chrome.switches: --start-maximized, goog:chromeOptions: {args: [--start-maximized], extensions: []}, loggingPrefs: org.openqa.selenium.logging..., platform: ANY, version: }
Starting ChromeDriver 95.0.4638.17 (a9d0719444d4b035e284ed1fce73bf6ccd789df2-refs/branch-heads/4638@{#178}) on port 24488
Only local connections are allowed.
Please see https://chromedriver.chromium.org/security-considerations for suggestions on keeping ChromeDriver safe.
ChromeDriver was started successfully.
oct. 24, 2021 9:04:16 P. M. org.openqa.selenium.remote.ProtocolHandshake createSession
INFORMACIÓN: Detected dialect: W3C
[Test worker] WARN net.thucydides.core.steps.BaseStepListener - stepFinished: current outcome:Search for a automation course:Given than Brandon wants to learn automation at the academy choucair
| strUser | StrPassword |
| 1121958708 | Choucair2021* | [Brandon open up [Brandon opens the Choucair academy page]]
[Test worker] WARN net.thucydides.core.steps.BaseStepListener - stepFinished: current outcome:Search for a automation course:Given than Brandon wants to learn automation at the academy choucair
| strUser | StrPassword |
| 1121958708 | Choucair2021* | [Brandon open up [Brandon opens the Choucair academy page]]
[Test worker] WARN net.thucydides.core.steps.BaseStepListener - stepStarted: net.thucydides.core.steps.ExecutedStepDescription@198e7dea
[Test worker] WARN net.thucydides.core.steps.BaseStepListener - stepStarted: net.thucydides.core.steps.ExecutedStepDescription@5cffe9f9
[Test worker] WARN net.thucydides.core.steps.BaseStepListener - stepFinished: current outcome:Search for a automation course:Given than Brandon wants to learn automation at the academy choucair
| strUser | StrPassword |
| 1121958708 | Choucair2021* | [Brandon open up [Brandon opens the Choucair academy page], Brandon login [Brandon clicks on button that shows us the form to login]]
[Test worker] WARN net.thucydides.core.steps.BaseStepListener - stepStarted: net.thucydides.core.steps.ExecutedStepDescription@3748d2c4
[Test worker] WARN net.thucydides.core.steps.BaseStepListener - stepFinished: current outcome:Search for a automation course:Given than Brandon wants to learn automation at the academy choucair
| strUser | StrPassword |
| 1121958708 | Choucair2021* | [Brandon open up [Brandon opens the Choucair academy page], Brandon login [Brandon clicks on button that shows us the form to login, Brandon enters '1121958708' into where do we write the user]]
[Test worker] WARN net.thucydides.core.steps.BaseStepListener - stepStarted: net.thucydides.core.steps.ExecutedStepDescription@5db10d77
[Test worker] WARN net.thucydides.core.steps.BaseStepListener - stepFinished: current outcome:Search for a automation course:Given than Brandon wants to learn automation at the academy choucair
| strUser | StrPassword |
| 1121958708 | Choucair2021* | [Brandon open up [Brandon opens the Choucair academy page], Brandon login [Brandon clicks on button that shows us the form to login, Brandon enters '1121958708' into where do we write the user, Brandon enters 'Choucair2021*' into where do we write the password]]
[Test worker] WARN net.thucydides.core.steps.BaseStepListener - stepStarted: net.thucydides.core.steps.ExecutedStepDescription@126141fc
[Test worker] WARN net.thucydides.core.steps.BaseStepListener - stepFinished: current outcome:Search for a automation course:Given than Brandon wants to learn automation at the academy choucair
| strUser | StrPassword |
| 1121958708 | Choucair2021* | [Brandon open up [Brandon opens the Choucair academy page], Brandon login [Brandon clicks on button that shows us the form to login, Brandon enters '1121958708' into where do we write the user, Brandon enters 'Choucair2021*' into where do we write the password, Brandon clicks on button to confirm login]]
[Test worker] WARN net.thucydides.core.steps.BaseStepListener - stepFinished: current outcome:Search for a automation course:Given than Brandon wants to learn automation at the academy choucair
| strUser | StrPassword |
| 1121958708 | Choucair2021* | [Brandon open up [Brandon opens the Choucair academy page], Brandon login [Brandon clicks on button that shows us the form to login, Brandon enters '1121958708' into where do we write the user, Brandon enters 'Choucair2021*' into where do we write the password, Brandon clicks on button to confirm login]]
[Test worker] WARN net.thucydides.core.steps.BaseStepListener - stepFinished: current outcome:Search for a automation course:Given than Brandon wants to learn automation at the academy choucair
| strUser | StrPassword |
| 1121958708 | Choucair2021* | [Brandon open up [Brandon opens the Choucair academy page], Brandon login [Brandon clicks on button that shows us the form to login, Brandon enters '1121958708' into where do we write the user, Brandon enters 'Choucair2021*' into where do we write the password, Brandon clicks on button to confirm login]]
[Test worker] WARN net.thucydides.core.steps.BaseStepListener - stepStarted: net.thucydides.core.steps.ExecutedStepDescription@7c291ee
[Test worker] WARN net.thucydides.core.steps.BaseStepListener - stepStarted: net.thucydides.core.steps.ExecutedStepDescription@211659d8
[Test worker] WARN net.thucydides.core.steps.BaseStepListener - stepStarted: net.thucydides.core.steps.ExecutedStepDescription@4d4346d2
[Test worker] WARN net.thucydides.core.steps.BaseStepListener - stepFinished: current outcome:Search for a automation course:Given than Brandon wants to learn automation at the academy choucair
| strUser | StrPassword |
| 1121958708 | Choucair2021* | [Brandon open up [Brandon opens the Choucair academy page], Brandon login [Brandon clicks on button that shows us the form to login, Brandon enters '1121958708' into where do we write the user, Brandon enters 'Choucair2021*' into where do we write the password, Brandon clicks on button to confirm login]], When he search for the course on the choucair academy platform
| strCourse |
| ISTQB Agile Tester Extension | [Brandon search [Brandon clicks on Select courses and certifications]]
[Test worker] WARN net.thucydides.core.steps.BaseStepListener - stepStarted: net.thucydides.core.steps.ExecutedStepDescription@314d5c49
[Test worker] WARN net.thucydides.core.steps.BaseStepListener - stepFinished: current outcome:Search for a automation course:Given than Brandon wants to learn automation at the academy choucair
| strUser | StrPassword |
| 1121958708 | Choucair2021* | [Brandon open up [Brandon opens the Choucair academy page], Brandon login [Brandon clicks on button that shows us the form to login, Brandon enters '1121958708' into where do we write the user, Brandon enters 'Choucair2021*' into where do we write the password, Brandon clicks on button to confirm login]], When he search for the course on the choucair academy platform
| strCourse |
| ISTQB Agile Tester Extension | [Brandon search [Brandon clicks on Select courses and certifications, Brandon enters 'ISTQB Agile Tester Extension' into search course]]
[Test worker] WARN net.thucydides.core.steps.BaseStepListener - stepStarted: net.thucydides.core.steps.ExecutedStepDescription@212a28df
[Test worker] WARN net.thucydides.core.steps.BaseStepListener - stepFinished: current outcome:Search for a automation course:Given than Brandon wants to learn automation at the academy choucair
| strUser | StrPassword |
| 1121958708 | Choucair2021* | [Brandon open up [Brandon opens the Choucair academy page], Brandon login [Brandon clicks on button that shows us the form to login, Brandon enters '1121958708' into where do we write the user, Brandon enters 'Choucair2021*' into where do we write the password, Brandon clicks on button to confirm login]], When he search for the course on the choucair academy platform
| strCourse |
| ISTQB Agile Tester Extension | [Brandon search [Brandon clicks on Select courses and certifications, Brandon enters 'ISTQB Agile Tester Extension' into search course, Brandon clicks on click to search for the course]]
[Test worker] WARN net.thucydides.core.steps.BaseStepListener - stepStarted: net.thucydides.core.steps.ExecutedStepDescription@d942ed9
[Test worker] WARN net.thucydides.core.steps.BaseStepListener - stepFinished: current outcome:Search for a automation course:Given than Brandon wants to learn automation at the academy choucair
| strUser | StrPassword |
| 1121958708 | Choucair2021* | [Brandon open up [Brandon opens the Choucair academy page], Brandon login [Brandon clicks on button that shows us the form to login, Brandon enters '1121958708' into where do we write the user, Brandon enters 'Choucair2021*' into where do we write the password, Brandon clicks on button to confirm login]], When he search for the course on the choucair academy platform
| strCourse |
| ISTQB Agile Tester Extension | [Brandon search [Brandon clicks on Select courses and certifications, Brandon enters 'ISTQB Agile Tester Extension' into search course, Brandon clicks on click to search for the course, Brandon clicks on click to select the course]]
[Test worker] WARN net.thucydides.core.steps.BaseStepListener - stepFinished: current outcome:Search for a automation course:Given than Brandon wants to learn automation at the academy choucair
| strUser | StrPassword |
| 1121958708 | Choucair2021* | [Brandon open up [Brandon opens the Choucair academy page], Brandon login [Brandon clicks on button that shows us the form to login, Brandon enters '1121958708' into where do we write the user, Brandon enters 'Choucair2021*' into where do we write the password, Brandon clicks on button to confirm login]], When he search for the course on the choucair academy platform
| strCourse |
| ISTQB Agile Tester Extension | [Brandon search [Brandon clicks on Select courses and certifications, Brandon enters 'ISTQB Agile Tester Extension' into search course, Brandon clicks on click to search for the course, Brandon clicks on click to select the course]]
[Test worker] WARN net.thucydides.core.steps.BaseStepListener - stepFinished: current outcome:Search for a automation course:Given than Brandon wants to learn automation at the academy choucair
| strUser | StrPassword |
| 1121958708 | Choucair2021* | [Brandon open up [Brandon opens the Choucair academy page], Brandon login [Brandon clicks on button that shows us the form to login, Brandon enters '1121958708' into where do we write the user, Brandon enters 'Choucair2021*' into where do we write the password, Brandon clicks on button to confirm login]], When he search for the course on the choucair academy platform
| strCourse |
| ISTQB Agile Tester Extension | [Brandon search [Brandon clicks on Select courses and certifications, Brandon enters 'ISTQB Agile Tester Extension' into search course, Brandon clicks on click to search for the course, Brandon clicks on click to select the course]]
[Test worker] WARN net.thucydides.core.steps.BaseStepListener - stepStarted: net.thucydides.core.steps.ExecutedStepDescription@157f4511
[Test worker] WARN net.thucydides.core.steps.BaseStepListener - stepStarted: net.thucydides.core.steps.ExecutedStepDescription@30db6c90
[Test worker] WARN net.thucydides.core.steps.BaseStepListener - stepFinished: current outcome:Search for a automation course:Given than Brandon wants to learn automation at the academy choucair
| strUser | StrPassword |
| 1121958708 | Choucair2021* | [Brandon open up [Brandon opens the Choucair academy page], Brandon login [Brandon clicks on button that shows us the form to login, Brandon enters '1121958708' into where do we write the user, Brandon enters 'Choucair2021*' into where do we write the password, Brandon clicks on button to confirm login]], When he search for the course on the choucair academy platform
| strCourse |
| ISTQB Agile Tester Extension | [Brandon search [Brandon clicks on Select courses and certifications, Brandon enters 'ISTQB Agile Tester Extension' into search course, Brandon clicks on click to search for the course, Brandon clicks on click to select the course]], Then he finds the course called resources
| strCourse |
| ISTQB Agile Tester Extension | [Then answer]
[Test worker] WARN net.thucydides.core.steps.BaseStepListener - stepFinished: current outcome:Search for a automation course:Given than Brandon wants to learn automation at the academy choucair
| strUser | StrPassword |
| 1121958708 | Choucair2021* | [Brandon open up [Brandon opens the Choucair academy page], Brandon login [Brandon clicks on button that shows us the form to login, Brandon enters '1121958708' into where do we write the user, Brandon enters 'Choucair2021*' into where do we write the password, Brandon clicks on button to confirm login]], When he search for the course on the choucair academy platform
| strCourse |
| ISTQB Agile Tester Extension | [Brandon search [Brandon clicks on Select courses and certifications, Brandon enters 'ISTQB Agile Tester Extension' into search course, Brandon clicks on click to search for the course, Brandon clicks on click to select the course]], Then he finds the course called resources
| strCourse |
| ISTQB Agile Tester Extension | [Then answer]
[Test worker] WARN net.thucydides.core.steps.BaseStepListener - testFinished: Search for a automation course:Given than Brandon wants to learn automation at the academy choucair
| strUser | StrPassword |
| 1121958708 | Choucair2021* | [Brandon open up [Brandon opens the Choucair academy page], Brandon login [Brandon clicks on button that shows us the form to login, Brandon enters '1121958708' into where do we write the user, Brandon enters 'Choucair2021*' into where do we write the password, Brandon clicks on button to confirm login]], When he search for the course on the choucair academy platform
| strCourse |
| ISTQB Agile Tester Extension | [Brandon search [Brandon clicks on Select courses and certifications, Brandon enters 'ISTQB Agile Tester Extension' into search course, Brandon clicks on click to search for the course, Brandon clicks on click to select the course]], Then he finds the course called resources
| strCourse |
| ISTQB Agile Tester Extension | [Then answer]
[Test worker] WARN net.thucydides.core.steps.BaseStepListener - TestOutcomes: [Search for a automation course:Given than Brandon wants to learn automation at the academy choucair
| strUser | StrPassword |
| 1121958708 | Choucair2021* | [Brandon open up [Brandon opens the Choucair academy page], Brandon login [Brandon clicks on button that shows us the form to login, Brandon enters '1121958708' into where do we write the user, Brandon enters 'Choucair2021*' into where do we write the password, Brandon clicks on button to confirm login]], When he search for the course on the choucair academy platform
| strCourse |
| ISTQB Agile Tester Extension | [Brandon search [Brandon clicks on Select courses and certifications, Brandon enters 'ISTQB Agile Tester Extension' into search course, Brandon clicks on click to search for the course, Brandon clicks on click to select the course]], Then he finds the course called resources
| strCourse |
| ISTQB Agile Tester Extension | [Then answer]]
[Test worker] WARN net.thucydides.core.steps.BaseStepListener - Final testOutcomes: [Search for a automation course:Given than Brandon wants to learn automation at the academy choucair
| strUser | StrPassword |
| 1121958708 | Choucair2021* | [Brandon open up [Brandon opens the Choucair academy page], Brandon login [Brandon clicks on button that shows us the form to login, Brandon enters '1121958708' into where do we write the user, Brandon enters 'Choucair2021*' into where do we write the password, Brandon clicks on button to confirm login]], When he search for the course on the choucair academy platform
| strCourse |
| ISTQB Agile Tester Extension | [Brandon search [Brandon clicks on Select courses and certifications, Brandon enters 'ISTQB Agile Tester Extension' into search course, Brandon clicks on click to search for the course, Brandon clicks on click to select the course]], Then he finds the course called resources
| strCourse |
| ISTQB Agile Tester Extension | [Then answer]]
[Test worker] INFO net.thucydides.core.steps.ConsoleLoggingListener - 
        __    _____ _____ ____ _____   ____   _    ____  ____  _____ ____  
  _     \ \  |_   _| ____/ ___|_   _| |  _ \ / \  / ___|/ ___|| ____|  _ \ 
 (_)_____| |   | | |  _| \___ \ | |   | |_) / _ \ \___ \\___ \|  _| | | | |
  _|_____| |   | | | |___ ___) || |   |  __/ ___ \ ___) |___) | |___| |_| |
 (_)     | |   |_| |_____|____/ |_|   |_| /_/   \_\____/|____/|_____|____/ 
        /_/                                                                

TEST PASSED: Search for a automation course
----------------------------------------------------------------------------
]]></system-err>
</testsuite>
